Arguments: 
  /Users/mac/.volta/tools/image/node/20.12.1/bin/node /Users/mac/.volta/tools/image/yarn/1.22.19/bin/yarn.js add cors body-parser cookie-parser expressmorgan node uuid dotenv nodemon pg sequelize

PATH: 
  /Users/mac/.volta/tools/image/yarn/1.22.19/bin:/Users/mac/.volta/tools/image/node/20.12.1/bin:/Users/mac/.volta/bin:/usr/local/bin:/usr/bin:/bin:/usr/sbin:/sbin:/Users/mac/.volta/bin

Yarn version: 
  1.22.19

Node version: 
  20.12.1

Platform: 
  darwin x64

Trace: 
  Error: https://registry.yarnpkg.com/expressmorgan: Not found
      at params.callback [as _callback] (/Users/mac/.volta/tools/image/yarn/1.22.19/lib/cli.js:66145:18)
      at self.callback (/Users/mac/.volta/tools/image/yarn/1.22.19/lib/cli.js:140890:22)
      at Request.emit (node:events:518:28)
      at Request.<anonymous> (/Users/mac/.volta/tools/image/yarn/1.22.19/lib/cli.js:141862:10)
      at Request.emit (node:events:518:28)
      at IncomingMessage.<anonymous> (/Users/mac/.volta/tools/image/yarn/1.22.19/lib/cli.js:141784:12)
      at Object.onceWrapper (node:events:632:28)
      at IncomingMessage.emit (node:events:530:35)
      at endReadableNT (node:internal/streams/readable:1696:12)
      at process.processTicksAndRejections (node:internal/process/task_queues:82:21)

npm manifest: 
  {
    "name": "server",
    "version": "1.0.0",
    "main": "index.js",
    "license": "MIT"
  }

yarn manifest: 
  No manifest

Lockfile: 
  No lockfile
